# JRE version: OpenJDK Runtime Environment (21.0.3) (build 21.0.3+-12282718-b509.11)
# Java VM: OpenJDK 64-Bit Server VM (21.0.3+-12282718-b509.11, mixed mode, tiered, compressed oops, compressed class ptrs, g1 gc, windows-amd64)
GC Precious Log:
 CardTable entry size: 512
 Card Set container configuration: InlinePtr #cards 5 size 8 Array Of Cards #cards 12 size 40 Howl #buckets 4 coarsen threshold 1843 Howl Bitmap #cards 512 size 80 coarsen threshold 460 Card regions per heap region 1 cards per card region 2048
 CPUs: 8 total, 8 available
 Memory: 7413M
 Large Page Support: Disabled
 NUMA Support: Disabled
 Compressed Oops: Enabled (32-bit)
 Heap Region Size: 1M
 Heap Min Capacity: 8M
 Heap Initial Capacity: 116M
 Heap Max Capacity: 2G
 Pre-touch: Disabled
 Parallel Workers: 8
 Concurrent Workers: 2
 Concurrent Refinement Workers: 8
 Periodic GC: Disabled
Heap:
 garbage-first heap   total 477184K, used 244342K [0x0000000080000000, 0x0000000100000000)
  region size 1024K, 78 young (79872K), 3 survivors (3072K)
 Metaspace       used 165175K, committed 167680K, reserved 1245184K
  class space    used 21933K, committed 23232K, reserved 1048576K
GC Heap History (20 events):
Event: 77.051 GC heap before
{Heap before GC invocations=55 (full 0):
 garbage-first heap   total 280576K, used 251005K [0x0000000080000000, 0x0000000100000000)
  region size 1024K, 65 young (66560K), 8 survivors (8192K)
 Metaspace       used 155785K, committed 158272K, reserved 1245184K
  class space    used 21340K, committed 22592K, reserved 1048576K
}
Event: 77.062 GC heap after
{Heap after GC invocations=56 (full 0):
 garbage-first heap   total 280576K, used 137959K [0x0000000080000000, 0x0000000100000000)
  region size 1024K, 2 young (2048K), 2 survivors (2048K)
 Metaspace       used 155785K, committed 158272K, reserved 1245184K
  class space    used 21340K, committed 22592K, reserved 1048576K
}
Event: 131.318 GC heap before
{Heap before GC invocations=56 (full 0):
 garbage-first heap   total 280576K, used 257767K [0x0000000080000000, 0x0000000100000000)
  region size 1024K, 120 young (122880K), 2 survivors (2048K)
 Metaspace       used 161791K, committed 164288K, reserved 1245184K
  class space    used 21832K, committed 23104K, reserved 1048576K
}
Event: 131.498 GC heap after
{Heap after GC invocations=57 (full 0):
 garbage-first heap   total 280576K, used 143968K [0x0000000080000000, 0x0000000100000000)
  region size 1024K, 10 young (10240K), 10 survivors (10240K)
 Metaspace       used 161791K, committed 164288K, reserved 1245184K
  class space    used 21832K, committed 23104K, reserved 1048576K
}
Event: 135.802 GC heap before
{Heap before GC invocations=57 (full 0):
 garbage-first heap   total 280576K, used 189024K [0x0000000080000000, 0x0000000100000000)
  region size 1024K, 56 young (57344K), 10 survivors (10240K)
 Metaspace       used 162041K, committed 164544K, reserved 1245184K
  class space    used 21847K, committed 23104K, reserved 1048576K
}
Event: 135.848 GC heap after
{Heap after GC invocations=58 (full 0):
 garbage-first heap   total 280576K, used 149094K [0x0000000080000000, 0x0000000100000000)
  region size 1024K, 6 young (6144K), 6 survivors (6144K)
 Metaspace       used 162041K, committed 164544K, reserved 1245184K
  class space    used 21847K, committed 23104K, reserved 1048576K
}
Event: 456.979 GC heap before
{Heap before GC invocations=59 (full 0):
 garbage-first heap   total 384000K, used 325222K [0x0000000080000000, 0x0000000100000000)
  region size 1024K, 104 young (106496K), 6 survivors (6144K)
 Metaspace       used 162421K, committed 164864K, reserved 1245184K
  class space    used 21848K, committed 23104K, reserved 1048576K
}
Event: 457.089 GC heap after
{Heap after GC invocations=60 (full 0):
 garbage-first heap   total 384000K, used 157623K [0x0000000080000000, 0x0000000100000000)
  region size 1024K, 13 young (13312K), 13 survivors (13312K)
 Metaspace       used 162421K, committed 164864K, reserved 1245184K
  class space    used 21848K, committed 23104K, reserved 1048576K
}
Event: 481.133 GC heap before
{Heap before GC invocations=60 (full 0):
 garbage-first heap   total 384000K, used 336823K [0x0000000080000000, 0x0000000100000000)
  region size 1024K, 189 young (193536K), 13 survivors (13312K)
 Metaspace       used 163180K, committed 165632K, reserved 1245184K
  class space    used 21919K, committed 23168K, reserved 1048576K
}
Event: 481.274 GC heap after
{Heap after GC invocations=61 (full 0):
 garbage-first heap   total 384000K, used 171741K [0x0000000080000000, 0x0000000100000000)
  region size 1024K, 24 young (24576K), 24 survivors (24576K)
 Metaspace       used 163180K, committed 165632K, reserved 1245184K
  class space    used 21919K, committed 23168K, reserved 1048576K
}
Event: 485.184 GC heap before
{Heap before GC invocations=61 (full 0):
 garbage-first heap   total 384000K, used 207581K [0x0000000080000000, 0x0000000100000000)
  region size 1024K, 60 young (61440K), 24 survivors (24576K)
 Metaspace       used 163548K, committed 166016K, reserved 1245184K
  class space    used 21919K, committed 23168K, reserved 1048576K
}
Event: 485.237 GC heap after
{Heap after GC invocations=62 (full 0):
 garbage-first heap   total 384000K, used 175616K [0x0000000080000000, 0x0000000100000000)
  region size 1024K, 4 young (4096K), 4 survivors (4096K)
 Metaspace       used 163548K, committed 166016K, reserved 1245184K
  class space    used 21919K, committed 23168K, reserved 1048576K
}
Event: 567.681 GC heap before
{Heap before GC invocations=63 (full 0):
 garbage-first heap   total 401408K, used 391680K [0x0000000080000000, 0x0000000100000000)
  region size 1024K, 166 young (169984K), 4 survivors (4096K)
 Metaspace       used 164127K, committed 166592K, reserved 1245184K
  class space    used 21924K, committed 23168K, reserved 1048576K
}
Event: 567.736 GC heap after
{Heap after GC invocations=64 (full 0):
 garbage-first heap   total 408576K, used 186000K [0x0000000080000000, 0x0000000100000000)
  region size 1024K, 15 young (15360K), 15 survivors (15360K)
 Metaspace       used 164127K, committed 166592K, reserved 1245184K
  class space    used 21924K, committed 23168K, reserved 1048576K
}
Event: 659.971 GC heap before
{Heap before GC invocations=64 (full 0):
 garbage-first heap   total 408576K, used 406160K [0x0000000080000000, 0x0000000100000000)
  region size 1024K, 181 young (185344K), 15 survivors (15360K)
 Metaspace       used 164546K, committed 167040K, reserved 1245184K
  class space    used 21928K, committed 23168K, reserved 1048576K
}
Event: 660.093 GC heap after
{Heap after GC invocations=65 (full 0):
 garbage-first heap   total 439296K, used 193536K [0x0000000080000000, 0x0000000100000000)
  region size 1024K, 14 young (14336K), 14 survivors (14336K)
 Metaspace       used 164546K, committed 167040K, reserved 1245184K
  class space    used 21928K, committed 23168K, reserved 1048576K
}
Event: 660.167 GC heap before
{Heap before GC invocations=65 (full 0):
 garbage-first heap   total 439296K, used 193536K [0x0000000080000000, 0x0000000100000000)
  region size 1024K, 16 young (16384K), 14 survivors (14336K)
 Metaspace       used 164550K, committed 167040K, reserved 1245184K
  class space    used 21928K, committed 23168K, reserved 1048576K
}
Event: 660.208 GC heap after
{Heap after GC invocations=66 (full 0):
 garbage-first heap   total 439296K, used 193128K [0x0000000080000000, 0x0000000100000000)
  region size 1024K, 14 young (14336K), 14 survivors (14336K)
 Metaspace       used 164550K, committed 167040K, reserved 1245184K
  class space    used 21928K, committed 23168K, reserved 1048576K
}
Event: 1053.867 GC heap before
{Heap before GC invocations=67 (full 0):
 garbage-first heap   total 474112K, used 472680K [0x0000000080000000, 0x0000000100000000)
  region size 1024K, 200 young (204800K), 14 survivors (14336K)
 Metaspace       used 165019K, committed 167552K, reserved 1245184K
  class space    used 21930K, committed 23232K, reserved 1048576K
}
Event: 1053.939 GC heap after
{Heap after GC invocations=68 (full 0):
 garbage-first heap   total 477184K, used 169590K [0x0000000080000000, 0x0000000100000000)
  region size 1024K, 3 young (3072K), 3 survivors (3072K)
 Metaspace       used 165019K, committed 167552K, reserved 1245184K
  class space    used 21930K, committed 23232K, reserved 1048576K
}

